[2026-07-06 18:24:09] production.ERROR: Target [Illuminate\Contracts\Auth\Access\Gate] is not instantiable while building [App\Providers\AppServiceProvider]. {"exception":"[object] (Illuminate\\Contracts\\Container\\BindingResolutionException(code: 0): Target [Illuminate\\Contracts\\Auth\\Access\\Gate] is not instantiable while building [App\\Providers\\AppServiceProvider]. at C:/Users/ASUS/Documents/.Benny/project/.ouvetoys/frontend/vendor/laravel/framework/src/Illuminate/Container/Container.php:1216)
[stacktrace]
#0 C:/Users/ASUS/Documents/.Benny/project/.ouvetoys/frontend/vendor/laravel/framework/src/Illuminate/Container/Container.php(968): Illuminate/Container/Container->notInstantiable('Illuminate//Cont...')
#1 C:/Users/ASUS/Documents/.Benny/project/.ouvetoys/frontend/vendor/laravel/framework/src/Illuminate/Container/Container.php(832): Illuminate/Container/Container->build('Illuminate//Cont...')
#2 C:/Users/ASUS/Documents/.Benny/project/.ouvetoys/frontend/vendor/laravel/framework/src/Illuminate/Foundation/Application.php(1078): Illuminate/Container/Container->resolve('Illuminate//Cont...', Array, true)
#3 C:/Users/ASUS/Documents/.Benny/project/.ouvetoys/frontend/vendor/laravel/framework/src/Illuminate/Container/Container.php(763): Illuminate/Foundation/Application->resolve('Illuminate//Cont...', Array)
#4 C:/Users/ASUS/Documents/.Benny/project/.ouvetoys/frontend/vendor/laravel/framework/src/Illuminate/Foundation/Application.php(1058): Illuminate/Container/Container->make('Illuminate//Cont...', Array)
#5 C:/Users/ASUS/Documents/.Benny/project/.ouvetoys/frontend/vendor/laravel/framework/src/Illuminate/Container/Container.php(1580): Illuminate/Foundation/Application->make('Illuminate//Cont...')
#6 C:/Users/ASUS/Documents/.Benny/project/.ouvetoys/frontend/vendor/laravel/framework/src/Illuminate/Support/Facades/Facade.php(239): Illuminate/Container/Container->offsetGet('Illuminate//Cont...')
#7 C:/Users/ASUS/Documents/.Benny/project/.ouvetoys/frontend/vendor/laravel/framework/src/Illuminate/Support/Facades/Facade.php(210): Illuminate/Support/Facades/Facade::resolveFacadeInstance('Illuminate//Cont...')
#8 C:/Users/ASUS/Documents/.Benny/project/.ouvetoys/frontend/vendor/laravel/framework/src/Illuminate/Support/Facades/Facade.php(355): Illuminate/Support/Facades/Facade::getFacadeRoot()
#9 C:/Users/ASUS/Documents/.Benny/project/.ouvetoys/frontend/app/Providers/AppServiceProvider.php(13): Illuminate/Support/Facades/Facade::__callStatic('define', Array)
#10 C:/Users/ASUS/Documents/.Benny/project/.ouvetoys/frontend/vendor/laravel/framework/src/Illuminate/Container/BoundMethod.php(36): App/Providers/AppServiceProvider->boot()
#11 C:/Users/ASUS/Documents/.Benny/project/.ouvetoys/frontend/vendor/laravel/framework/src/Illuminate/Container/Util.php(43): Illuminate/Container/BoundMethod::{closure:Illuminate/Container/BoundMethod::call():35}()
#12 C:/Users/ASUS/Documents/.Benny/project/.ouvetoys/frontend/vendor/laravel/framework/src/Illuminate/Container/BoundMethod.php(95): Illuminate/Container/Util::unwrapIfClosure(Object(Closure))
#13 C:/Users/ASUS/Documents/.Benny/project/.ouvetoys/frontend/vendor/laravel/framework/src/Illuminate/Container/BoundMethod.php(35): Illuminate/Container/BoundMethod::callBoundMethod(Object(Illuminate/Foundation/Application), Array, Object(Closure))
#14 C:/Users/ASUS/Documents/.Benny/project/.ouvetoys/frontend/vendor/laravel/framework/src/Illuminate/Container/Container.php(696): Illuminate/Container/BoundMethod::call(Object(Illuminate/Foundation/Application), Array, Array, NULL)
#15 C:/Users/ASUS/Documents/.Benny/project/.ouvetoys/frontend/vendor/laravel/framework/src/Illuminate/Foundation/Application.php(1151): Illuminate/Container/Container->call(Array)
#16 C:/Users/ASUS/Documents/.Benny/project/.ouvetoys/frontend/vendor/laravel/framework/src/Illuminate/Foundation/Application.php(1132): Illuminate/Foundation/Application->bootProvider(Object(App/Providers/AppServiceProvider))
#17 [internal function]: Illuminate/Foundation/Application->{closure:Illuminate/Foundation/Application::boot():1131}(Object(App/Providers/AppServiceProvider), 'App//Providers//A...')
#18 C:/Users/ASUS/Documents/.Benny/project/.ouvetoys/frontend/vendor/laravel/framework/src/Illuminate/Foundation/Application.php(1131): array_walk(Array, Object(Closure))
#19 C:/Users/ASUS/Documents/.Benny/project/.ouvetoys/frontend/vendor/laravel/framework/src/Illuminate/Foundation/Bootstrap/BootProviders.php(17): Illuminate/Foundation/Application->boot()
#20 C:/Users/ASUS/Documents/.Benny/project/.ouvetoys/frontend/vendor/laravel/framework/src/Illuminate/Foundation/Application.php(342): Illuminate/Foundation/Bootstrap/BootProviders->bootstrap(Object(Illuminate/Foundation/Application))
#21 C:/Users/ASUS/Documents/.Benny/project/.ouvetoys/frontend/vendor/laravel/framework/src/Illuminate/Foundation/Console/Kernel.php(474): Illuminate/Foundation/Application->bootstrapWith(Array)
#22 C:/Users/ASUS/Documents/.Benny/project/.ouvetoys/frontend/vendor/laravel/framework/src/Illuminate/Foundation/Console/Kernel.php(196): Illuminate/Foundation/Console/Kernel->bootstrap()
#23 C:/Users/ASUS/Documents/.Benny/project/.ouvetoys/frontend/vendor/laravel/framework/src/Illuminate/Foundation/Application.php(1235): Illuminate/Foundation/Console/Kernel->handle(Object(Symfony/Component/Console/Input/ArgvInput), Object(Symfony/Component/Console/Output/ConsoleOutput))
#24 C:/Users/ASUS/Documents/.Benny/project/.ouvetoys/frontend/artisan(14): Illuminate/Foundation/Application->handleCommand(Object(Symfony/Component/Console/Input/ArgvInput))
#25 {main}
"} 
[2026-07-06 18:24:56] production.ERROR: Target class [files] does not exist. {"exception":"[object] (Illuminate\\Contracts\\Container\\BindingResolutionException(code: 0): Target class [files] does not exist. at C:/Users/ASUS/Documents/.Benny/project/.ouvetoys/frontend/vendor/laravel/framework/src/Illuminate/Container/Container.php:961)
[stacktrace]
#0 C:/Users/ASUS/Documents/.Benny/project/.ouvetoys/frontend/vendor/laravel/framework/src/Illuminate/Container/Container.php(832): Illuminate/Container/Container->build('files')
#1 C:/Users/ASUS/Documents/.Benny/project/.ouvetoys/frontend/vendor/laravel/framework/src/Illuminate/Foundation/Application.php(1078): Illuminate/Container/Container->resolve('files', Array, true)
#2 C:/Users/ASUS/Documents/.Benny/project/.ouvetoys/frontend/vendor/laravel/framework/src/Illuminate/Container/Container.php(763): Illuminate/Foundation/Application->resolve('files', Array)
#3 C:/Users/ASUS/Documents/.Benny/project/.ouvetoys/frontend/vendor/laravel/framework/src/Illuminate/Foundation/Application.php(1058): Illuminate/Container/Container->make('files', Array)
#4 C:/Users/ASUS/Documents/.Benny/project/.ouvetoys/frontend/vendor/laravel/framework/src/Illuminate/Container/Container.php(1580): Illuminate/Foundation/Application->make('files')
#5 C:/Users/ASUS/Documents/.Benny/project/.ouvetoys/frontend/vendor/laravel/framework/src/Illuminate/Foundation/Application.php(1345): Illuminate/Container/Container->offsetGet('files')
#6 C:/Users/ASUS/Documents/.Benny/project/.ouvetoys/frontend/vendor/laravel/framework/src/Illuminate/Foundation/Support/Providers/EventServiceProvider.php(107): Illuminate/Foundation/Application->eventsAreCached()
#7 C:/Users/ASUS/Documents/.Benny/project/.ouvetoys/frontend/vendor/laravel/framework/src/Illuminate/Foundation/Support/Providers/EventServiceProvider.php(58): Illuminate/Foundation/Support/Providers/EventServiceProvider->getEvents()
#8 C:/Users/ASUS/Documents/.Benny/project/.ouvetoys/frontend/vendor/laravel/framework/src/Illuminate/Container/BoundMethod.php(36): Illuminate/Foundation/Support/Providers/EventServiceProvider->{closure:Illuminate/Foundation/Support/Providers/EventServiceProvider::register():57}()
#9 C:/Users/ASUS/Documents/.Benny/project/.ouvetoys/frontend/vendor/laravel/framework/src/Illuminate/Container/Util.php(43): Illuminate/Container/BoundMethod::{closure:Illuminate/Container/BoundMethod::call():35}()
#10 C:/Users/ASUS/Documents/.Benny/project/.ouvetoys/frontend/vendor/laravel/framework/src/Illuminate/Container/BoundMethod.php(83): Illuminate/Container/Util::unwrapIfClosure(Object(Closure))
#11 C:/Users/ASUS/Documents/.Benny/project/.ouvetoys/frontend/vendor/laravel/framework/src/Illuminate/Container/BoundMethod.php(35): Illuminate/Container/BoundMethod::callBoundMethod(Object(Illuminate/Foundation/Application), Object(Closure), Object(Closure))
#12 C:/Users/ASUS/Documents/.Benny/project/.ouvetoys/frontend/vendor/laravel/framework/src/Illuminate/Container/Container.php(696): Illuminate/Container/BoundMethod::call(Object(Illuminate/Foundation/Application), Object(Closure), Array, NULL)
#13 C:/Users/ASUS/Documents/.Benny/project/.ouvetoys/frontend/vendor/laravel/framework/src/Illuminate/Support/ServiceProvider.php(128): Illuminate/Container/Container->call(Object(Closure))
#14 C:/Users/ASUS/Documents/.Benny/project/.ouvetoys/frontend/vendor/laravel/framework/src/Illuminate/Foundation/Application.php(1148): Illuminate/Support/ServiceProvider->callBootingCallbacks()
#15 C:/Users/ASUS/Documents/.Benny/project/.ouvetoys/frontend/vendor/laravel/framework/src/Illuminate/Foundation/Application.php(1132): Illuminate/Foundation/Application->bootProvider(Object(Illuminate/Foundation/Support/Providers/EventServiceProvider))
#16 [internal function]: Illuminate/Foundation/Application->{closure:Illuminate/Foundation/Application::boot():1131}(Object(Illuminate/Foundation/Support/Providers/EventServiceProvider), 'Illuminate//Foun...')
#17 C:/Users/ASUS/Documents/.Benny/project/.ouvetoys/frontend/vendor/laravel/framework/src/Illuminate/Foundation/Application.php(1131): array_walk(Array, Object(Closure))
#18 C:/Users/ASUS/Documents/.Benny/project/.ouvetoys/frontend/vendor/laravel/framework/src/Illuminate/Foundation/Bootstrap/BootProviders.php(17): Illuminate/Foundation/Application->boot()
#19 C:/Users/ASUS/Documents/.Benny/project/.ouvetoys/frontend/vendor/laravel/framework/src/Illuminate/Foundation/Application.php(342): Illuminate/Foundation/Bootstrap/BootProviders->bootstrap(Object(Illuminate/Foundation/Application))
#20 C:/Users/ASUS/Documents/.Benny/project/.ouvetoys/frontend/vendor/laravel/framework/src/Illuminate/Foundation/Console/Kernel.php(474): Illuminate/Foundation/Application->bootstrapWith(Array)
#21 C:/Users/ASUS/Documents/.Benny/project/.ouvetoys/frontend/vendor/laravel/framework/src/Illuminate/Foundation/Console/Kernel.php(196): Illuminate/Foundation/Console/Kernel->bootstrap()
#22 C:/Users/ASUS/Documents/.Benny/project/.ouvetoys/frontend/vendor/laravel/framework/src/Illuminate/Foundation/Application.php(1235): Illuminate/Foundation/Console/Kernel->handle(Object(Symfony/Component/Console/Input/ArgvInput), Object(Symfony/Component/Console/Output/ConsoleOutput))
#23 C:/Users/ASUS/Documents/.Benny/project/.ouvetoys/frontend/artisan(14): Illuminate/Foundation/Application->handleCommand(Object(Symfony/Component/Console/Input/ArgvInput))
#24 {main}

[previous exception] [object] (ReflectionException(code: -1): Class \"files\" does not exist at C:/Users/ASUS/Documents/.Benny/project/.ouvetoys/frontend/vendor/laravel/framework/src/Illuminate/Container/Container.php:959)
[stacktrace]
#0 C:/Users/ASUS/Documents/.Benny/project/.ouvetoys/frontend/vendor/laravel/framework/src/Illuminate/Container/Container.php(959): ReflectionClass->__construct('files')
#1 C:/Users/ASUS/Documents/.Benny/project/.ouvetoys/frontend/vendor/laravel/framework/src/Illuminate/Container/Container.php(832): Illuminate/Container/Container->build('files')
#2 C:/Users/ASUS/Documents/.Benny/project/.ouvetoys/frontend/vendor/laravel/framework/src/Illuminate/Foundation/Application.php(1078): Illuminate/Container/Container->resolve('files', Array, true)
#3 C:/Users/ASUS/Documents/.Benny/project/.ouvetoys/frontend/vendor/laravel/framework/src/Illuminate/Container/Container.php(763): Illuminate/Foundation/Application->resolve('files', Array)
#4 C:/Users/ASUS/Documents/.Benny/project/.ouvetoys/frontend/vendor/laravel/framework/src/Illuminate/Foundation/Application.php(1058): Illuminate/Container/Container->make('files', Array)
#5 C:/Users/ASUS/Documents/.Benny/project/.ouvetoys/frontend/vendor/laravel/framework/src/Illuminate/Container/Container.php(1580): Illuminate/Foundation/Application->make('files')
#6 C:/Users/ASUS/Documents/.Benny/project/.ouvetoys/frontend/vendor/laravel/framework/src/Illuminate/Foundation/Application.php(1345): Illuminate/Container/Container->offsetGet('files')
#7 C:/Users/ASUS/Documents/.Benny/project/.ouvetoys/frontend/vendor/laravel/framework/src/Illuminate/Foundation/Support/Providers/EventServiceProvider.php(107): Illuminate/Foundation/Application->eventsAreCached()
#8 C:/Users/ASUS/Documents/.Benny/project/.ouvetoys/frontend/vendor/laravel/framework/src/Illuminate/Foundation/Support/Providers/EventServiceProvider.php(58): Illuminate/Foundation/Support/Providers/EventServiceProvider->getEvents()
#9 C:/Users/ASUS/Documents/.Benny/project/.ouvetoys/frontend/vendor/laravel/framework/src/Illuminate/Container/BoundMethod.php(36): Illuminate/Foundation/Support/Providers/EventServiceProvider->{closure:Illuminate/Foundation/Support/Providers/EventServiceProvider::register():57}()
#10 C:/Users/ASUS/Documents/.Benny/project/.ouvetoys/frontend/vendor/laravel/framework/src/Illuminate/Container/Util.php(43): Illuminate/Container/BoundMethod::{closure:Illuminate/Container/BoundMethod::call():35}()
#11 C:/Users/ASUS/Documents/.Benny/project/.ouvetoys/frontend/vendor/laravel/framework/src/Illuminate/Container/BoundMethod.php(83): Illuminate/Container/Util::unwrapIfClosure(Object(Closure))
#12 C:/Users/ASUS/Documents/.Benny/project/.ouvetoys/frontend/vendor/laravel/framework/src/Illuminate/Container/BoundMethod.php(35): Illuminate/Container/BoundMethod::callBoundMethod(Object(Illuminate/Foundation/Application), Object(Closure), Object(Closure))
#13 C:/Users/ASUS/Documents/.Benny/project/.ouvetoys/frontend/vendor/laravel/framework/src/Illuminate/Container/Container.php(696): Illuminate/Container/BoundMethod::call(Object(Illuminate/Foundation/Application), Object(Closure), Array, NULL)
#14 C:/Users/ASUS/Documents/.Benny/project/.ouvetoys/frontend/vendor/laravel/framework/src/Illuminate/Support/ServiceProvider.php(128): Illuminate/Container/Container->call(Object(Closure))
#15 C:/Users/ASUS/Documents/.Benny/project/.ouvetoys/frontend/vendor/laravel/framework/src/Illuminate/Foundation/Application.php(1148): Illuminate/Support/ServiceProvider->callBootingCallbacks()
#16 C:/Users/ASUS/Documents/.Benny/project/.ouvetoys/frontend/vendor/laravel/framework/src/Illuminate/Foundation/Application.php(1132): Illuminate/Foundation/Application->bootProvider(Object(Illuminate/Foundation/Support/Providers/EventServiceProvider))
#17 [internal function]: Illuminate/Foundation/Application->{closure:Illuminate/Foundation/Application::boot():1131}(Object(Illuminate/Foundation/Support/Providers/EventServiceProvider), 'Illuminate//Foun...')
#18 C:/Users/ASUS/Documents/.Benny/project/.ouvetoys/frontend/vendor/laravel/framework/src/Illuminate/Foundation/Application.php(1131): array_walk(Array, Object(Closure))
#19 C:/Users/ASUS/Documents/.Benny/project/.ouvetoys/frontend/vendor/laravel/framework/src/Illuminate/Foundation/Bootstrap/BootProviders.php(17): Illuminate/Foundation/Application->boot()
#20 C:/Users/ASUS/Documents/.Benny/project/.ouvetoys/frontend/vendor/laravel/framework/src/Illuminate/Foundation/Application.php(342): Illuminate/Foundation/Bootstrap/BootProviders->bootstrap(Object(Illuminate/Foundation/Application))
#21 C:/Users/ASUS/Documents/.Benny/project/.ouvetoys/frontend/vendor/laravel/framework/src/Illuminate/Foundation/Console/Kernel.php(474): Illuminate/Foundation/Application->bootstrapWith(Array)
#22 C:/Users/ASUS/Documents/.Benny/project/.ouvetoys/frontend/vendor/laravel/framework/src/Illuminate/Foundation/Console/Kernel.php(196): Illuminate/Foundation/Console/Kernel->bootstrap()
#23 C:/Users/ASUS/Documents/.Benny/project/.ouvetoys/frontend/vendor/laravel/framework/src/Illuminate/Foundation/Application.php(1235): Illuminate/Foundation/Console/Kernel->handle(Object(Symfony/Component/Console/Input/ArgvInput), Object(Symfony/Component/Console/Output/ConsoleOutput))
#24 C:/Users/ASUS/Documents/.Benny/project/.ouvetoys/frontend/artisan(14): Illuminate/Foundation/Application->handleCommand(Object(Symfony/Component/Console/Input/ArgvInput))
#25 {main}
"} 
[2026-07-06 18:26:16] local.ERROR: Command "tinker" is not defined. {"exception":"[object] (Symfony\\Component\\Console\\Exception\\CommandNotFoundException(code: 0): Command \"tinker\" is not defined. at C:/Users/ASUS/Documents/.Benny/project/.ouvetoys/frontend/vendor/symfony/console/Application.php:759)
[stacktrace]
#0 C:/Users/ASUS/Documents/.Benny/project/.ouvetoys/frontend/vendor/symfony/console/Application.php(298): Symfony/Component/Console/Application->find('tinker')
#1 C:/Users/ASUS/Documents/.Benny/project/.ouvetoys/frontend/vendor/symfony/console/Application.php(195): Symfony/Component/Console/Application->doRun(Object(Symfony/Component/Console/Input/ArgvInput), Object(Symfony/Component/Console/Output/ConsoleOutput))
#2 C:/Users/ASUS/Documents/.Benny/project/.ouvetoys/frontend/vendor/laravel/framework/src/Illuminate/Foundation/Console/Kernel.php(198): Symfony/Component/Console/Application->run(Object(Symfony/Component/Console/Input/ArgvInput), Object(Symfony/Component/Console/Output/ConsoleOutput))
#3 C:/Users/ASUS/Documents/.Benny/project/.ouvetoys/frontend/vendor/laravel/framework/src/Illuminate/Foundation/Application.php(1235): Illuminate/Foundation/Console/Kernel->handle(Object(Symfony/Component/Console/Input/ArgvInput), Object(Symfony/Component/Console/Output/ConsoleOutput))
#4 C:/Users/ASUS/Documents/.Benny/project/.ouvetoys/frontend/artisan(14): Illuminate/Foundation/Application->handleCommand(Object(Symfony/Component/Console/Input/ArgvInput))
#5 {main}
"} 
[2026-07-06 18:26:16] local.ERROR: Command "test" is not defined.

Did you mean one of these?
    make:test
    schedule:test {"exception":"[object] (Symfony\\Component\\Console\\Exception\\CommandNotFoundException(code: 0): Command \"test\" is not defined.

Did you mean one of these?
    make:test
    schedule:test at C:/Users/ASUS/Documents/.Benny/project/.ouvetoys/frontend/vendor/symfony/console/Application.php:759)
[stacktrace]
#0 C:/Users/ASUS/Documents/.Benny/project/.ouvetoys/frontend/vendor/symfony/console/Application.php(298): Symfony/Component/Console/Application->find('test')
#1 C:/Users/ASUS/Documents/.Benny/project/.ouvetoys/frontend/vendor/symfony/console/Application.php(195): Symfony/Component/Console/Application->doRun(Object(Symfony/Component/Console/Input/ArgvInput), Object(Symfony/Component/Console/Output/ConsoleOutput))
#2 C:/Users/ASUS/Documents/.Benny/project/.ouvetoys/frontend/vendor/laravel/framework/src/Illuminate/Foundation/Console/Kernel.php(198): Symfony/Component/Console/Application->run(Object(Symfony/Component/Console/Input/ArgvInput), Object(Symfony/Component/Console/Output/ConsoleOutput))
#3 C:/Users/ASUS/Documents/.Benny/project/.ouvetoys/frontend/vendor/laravel/framework/src/Illuminate/Foundation/Application.php(1235): Illuminate/Foundation/Console/Kernel->handle(Object(Symfony/Component/Console/Input/ArgvInput), Object(Symfony/Component/Console/Output/ConsoleOutput))
#4 C:/Users/ASUS/Documents/.Benny/project/.ouvetoys/frontend/artisan(14): Illuminate/Foundation/Application->handleCommand(Object(Symfony/Component/Console/Input/ArgvInput))
#5 {main}
"} 
[2026-07-06 18:27:01] testing.ERROR: Object of class Illuminate\Database\Eloquent\Collection could not be converted to int (View: C:\Users\ASUS\Documents\.Benny\project\.ouvetoys\frontend\resources\views\components\product-card.blade.php) (View: C:\Users\ASUS\Documents\.Benny\project\.ouvetoys\frontend\resources\views\components\product-card.blade.php) {"exception":"[object] (Illuminate\\View\\ViewException(code: 0): Object of class Illuminate\\Database\\Eloquent\\Collection could not be converted to int (View: C:\\Users\\ASUS\\Documents\\.Benny\\project\\.ouvetoys\\frontend\\resources\\views\\components\\product-card.blade.php) (View: C:\\Users\\ASUS\\Documents\\.Benny\\project\\.ouvetoys\\frontend\\resources\\views\\components\\product-card.blade.php) at C:/Users/ASUS/Documents/.Benny/project/.ouvetoys/frontend/storage/framework/views/35c2957aba84e82b8be81f367a0f6b56.php:41)
[stacktrace]
#0 C:/Users/ASUS/Documents/.Benny/project/.ouvetoys/frontend/vendor/laravel/framework/src/Illuminate/View/Engines/PhpEngine.php(60): Illuminate/View/Engines/CompilerEngine->handleViewException(Object(Illuminate/View/ViewException), 1)
#1 C:/Users/ASUS/Documents/.Benny/project/.ouvetoys/frontend/vendor/laravel/framework/src/Illuminate/View/Engines/CompilerEngine.php(75): Illuminate/View/Engines/PhpEngine->evaluatePath('C://Users//ASUS//D...', Array)
#2 C:/Users/ASUS/Documents/.Benny/project/.ouvetoys/frontend/vendor/laravel/framework/src/Illuminate/View/View.php(209): Illuminate/View/Engines/CompilerEngine->get('C://Users//ASUS//D...', Array)
#3 C:/Users/ASUS/Documents/.Benny/project/.ouvetoys/frontend/vendor/laravel/framework/src/Illuminate/View/View.php(192): Illuminate/View/View->getContents()
#4 C:/Users/ASUS/Documents/.Benny/project/.ouvetoys/frontend/vendor/laravel/framework/src/Illuminate/View/View.php(161): Illuminate/View/View->renderContents()
#5 C:/Users/ASUS/Documents/.Benny/project/.ouvetoys/frontend/vendor/laravel/framework/src/Illuminate/Http/Response.php(79): Illuminate/View/View->render()
#6 C:/Users/ASUS/Documents/.Benny/project/.ouvetoys/frontend/vendor/laravel/framework/src/Illuminate/Http/Response.php(35): Illuminate/Http/Response->setContent(Object(Illuminate/View/View))
#7 C:/Users/ASUS/Documents/.Benny/project/.ouvetoys/frontend/vendor/laravel/framework/src/Illuminate/Routing/Router.php(920): Illuminate/Http/Response->__construct(Object(Illuminate/View/View), 200, Array)
#8 C:/Users/ASUS/Documents/.Benny/project/.ouvetoys/frontend/vendor/laravel/framework/src/Illuminate/Routing/Router.php(887): Illuminate/Routing/Router::toResponse(Object(Illuminate/Http/Request), Object(Illuminate/View/View))
#9 C:/Users/ASUS/Documents/.Benny/project/.ouvetoys/frontend/vendor/laravel/framework/src/Illuminate/Routing/Router.php(807): Illuminate/Routing/Router->prepareResponse(Object(Illuminate/Http/Request), Object(Illuminate/View/View))
#10 C:/Users/ASUS/Documents/.Benny/project/.ouvetoys/frontend/vendor/laravel/framework/src/Illuminate/Pipeline/Pipeline.php(170): Illuminate/Routing/Router->{closure:Illuminate/Routing/Router::runRouteWithinStack():807}(Object(Illuminate/Http/Request))
#11 C:/Users/ASUS/Documents/.Benny/project/.ouvetoys/frontend/vendor/laravel/framework/src/Illuminate/Routing/Middleware/SubstituteBindings.php(51): Illuminate/Pipeline/Pipeline->{closure:Illuminate/Pipeline/Pipeline::prepareDestination():168}(Object(Illuminate/Http/Request))
#12 C:/Users/ASUS/Documents/.Benny/project/.ouvetoys/frontend/vendor/laravel/framework/src/Illuminate/Pipeline/Pipeline.php(209): Illuminate/Routing/Middleware/SubstituteBindings->handle(Object(Illuminate/Http/Request), Object(Closure))
#13 C:/Users/ASUS/Documents/.Benny/project/.ouvetoys/frontend/vendor/laravel/framework/src/Illuminate/Foundation/Http/Middleware/VerifyCsrfToken.php(88): Illuminate/Pipeline/Pipeline->{closure:{closure:Illuminate/Pipeline/Pipeline::carry():184}:185}(Object(Illuminate/Http/Request))
#14 C:/Users/ASUS/Documents/.Benny/project/.ouvetoys/frontend/vendor/laravel/framework/src/Illuminate/Pipeline/Pipeline.php(209): Illuminate/Foundation/Http/Middleware/VerifyCsrfToken->handle(Object(Illuminate/Http/Request), Object(Closure))
#15 C:/Users/ASUS/Documents/.Benny/project/.ouvetoys/frontend/vendor/laravel/framework/src/Illuminate/View/Middleware/ShareErrorsFromSession.php(49): Illuminate/Pipeline/Pipeline->{closure:{closure:Illuminate/Pipeline/Pipeline::carry():184}:185}(Object(Illuminate/Http/Request))
#16 C:/Users/ASUS/Documents/.Benny/project/.ouvetoys/frontend/vendor/laravel/framework/src/Illuminate/Pipeline/Pipeline.php(209): Illuminate/View/Middleware/ShareErrorsFromSession->handle(Object(Illuminate/Http/Request), Object(Closure))
#17 C:/Users/ASUS/Documents/.Benny/project/.ouvetoys/frontend/vendor/laravel/framework/src/Illuminate/Session/Middleware/StartSession.php(121): Illuminate/Pipeline/Pipeline->{closure:{closure:Illuminate/Pipeline/Pipeline::carry():184}:185}(Object(Illuminate/Http/Request))
#18 C:/Users/ASUS/Documents/.Benny/project/.ouvetoys/frontend/vendor/laravel/framework/src/Illuminate/Session/Middleware/StartSession.php(64): Illuminate/Session/Middleware/StartSession->handleStatefulRequest(Object(Illuminate/Http/Request), Object(Illuminate/Session/Store), Object(Closure))
#19 C:/Users/ASUS/Documents/.Benny/project/.ouvetoys/frontend/vendor/laravel/framework/src/Illuminate/Pipeline/Pipeline.php(209): Illuminate/Session/Middleware/StartSession->handle(Object(Illuminate/Http/Request), Object(Closure))
#20 C:/Users/ASUS/Documents/.Benny/project/.ouvetoys/frontend/vendor/laravel/framework/src/Illuminate/Cookie/Middleware/AddQueuedCookiesToResponse.php(37): Illuminate/Pipeline/Pipeline->{closure:{closure:Illuminate/Pipeline/Pipeline::carry():184}:185}(Object(Illuminate/Http/Request))
#21 C:/Users/ASUS/Documents/.Benny/project/.ouvetoys/frontend/vendor/laravel/framework/src/Illuminate/Pipeline/Pipeline.php(209): Illuminate/Cookie/Middleware/AddQueuedCookiesToResponse->handle(Object(Illuminate/Http/Request), Object(Closure))
#22 C:/Users/ASUS/Documents/.Benny/project/.ouvetoys/frontend/vendor/laravel/framework/src/Illuminate/Cookie/Middleware/EncryptCookies.php(75): Illuminate/Pipeline/Pipeline->{closure:{closure:Illuminate/Pipeline/Pipeline::carry():184}:185}(Object(Illuminate/Http/Request))
#23 C:/Users/ASUS/Documents/.Benny/project/.ouvetoys/frontend/vendor/laravel/framework/src/Illuminate/Pipeline/Pipeline.php(209): Illuminate/Cookie/Middleware/EncryptCookies->handle(Object(Illuminate/Http/Request), Object(Closure))
#24 C:/Users/ASUS/Documents/.Benny/project/.ouvetoys/frontend/vendor/laravel/framework/src/Illuminate/Pipeline/Pipeline.php(127): Illuminate/Pipeline/Pipeline->{closure:{closure:Illuminate/Pipeline/Pipeline::carry():184}:185}(Object(Illuminate/Http/Request))
#25 C:/Users/ASUS/Documents/.Benny/project/.ouvetoys/frontend/vendor/laravel/framework/src/Illuminate/Routing/Router.php(807): Illuminate/Pipeline/Pipeline->then(Object(Closure))
#26 C:/Users/ASUS/Documents/.Benny/project/.ouvetoys/frontend/vendor/laravel/framework/src/Illuminate/Routing/Router.php(786): Illuminate/Routing/Router->runRouteWithinStack(Object(Illuminate/Routing/Route), Object(Illuminate/Http/Request))
#27 C:/Users/ASUS/Documents/.Benny/project/.ouvetoys/frontend/vendor/laravel/framework/src/Illuminate/Routing/Router.php(750): Illuminate/Routing/Router->runRoute(Object(Illuminate/Http/Request), Object(Illuminate/Routing/Route))
#28 C:/Users/ASUS/Documents/.Benny/project/.ouvetoys/frontend/vendor/laravel/framework/src/Illuminate/Routing/Router.php(739): Illuminate/Routing/Router->dispatchToRoute(Object(Illuminate/Http/Request))
#29 C:/Users/ASUS/Documents/.Benny/project/.ouvetoys/frontend/vendor/laravel/framework/src/Illuminate/Foundation/Http/Kernel.php(201): Illuminate/Routing/Router->dispatch(Object(Illuminate/Http/Request))
#30 C:/Users/ASUS/Documents/.Benny/project/.ouvetoys/frontend/vendor/laravel/framework/src/Illuminate/Pipeline/Pipeline.php(170): Illuminate/Foundation/Http/Kernel->{closure:Illuminate/Foundation/Http/Kernel::dispatchToRouter():198}(Object(Illuminate/Http/Request))
#31 C:/Users/ASUS/Documents/.Benny/project/.ouvetoys/frontend/vendor/laravel/framework/src/Illuminate/Foundation/Http/Middleware/TransformsRequest.php(21): Illuminate/Pipeline/Pipeline->{closure:Illuminate/Pipeline/Pipeline::prepareDestination():168}(Object(Illuminate/Http/Request))
#32 C:/Users/ASUS/Documents/.Benny/project/.ouvetoys/frontend/vendor/laravel/framework/src/Illuminate/Foundation/Http/Middleware/ConvertEmptyStringsToNull.php(31): Illuminate/Foundation/Http/Middleware/TransformsRequest->handle(Object(Illuminate/Http/Request), Object(Closure))
#33 C:/Users/ASUS/Documents/.Benny/project/.ouvetoys/frontend/vendor/laravel/framework/src/Illuminate/Pipeline/Pipeline.php(209): Illuminate/Foundation/Http/Middleware/ConvertEmptyStringsToNull->handle(Object(Illuminate/Http/Request), Object(Closure))
#34 C:/Users/ASUS/Documents/.Benny/project/.ouvetoys/frontend/vendor/laravel/framework/src/Illuminate/Foundation/Http/Middleware/TransformsRequest.php(21): Illuminate/Pipeline/Pipeline->{closure:{closure:Illuminate/Pipeline/Pipeline::carry():184}:185}(Object(Illuminate/Http/Request))
#35 C:/Users/ASUS/Documents/.Benny/project/.ouvetoys/frontend/vendor/laravel/framework/src/Illuminate/Foundation/Http/Middleware/TrimStrings.php(51): Illuminate/Foundation/Http/Middleware/TransformsRequest->handle(Object(Illuminate/Http/Request), Object(Closure))
#36 C:/Users/ASUS/Documents/.Benny/project/.ouvetoys/frontend/vendor/laravel/framework/src/Illuminate/Pipeline/Pipeline.php(209): Illuminate/Foundation/Http/Middleware/TrimStrings->handle(Object(Illuminate/Http/Request), Object(Closure))
#37 C:/Users/ASUS/Documents/.Benny/project/.ouvetoys/frontend/vendor/laravel/framework/src/Illuminate/Http/Middleware/ValidatePostSize.php(27): Illuminate/Pipeline/Pipeline->{closure:{closure:Illuminate/Pipeline/Pipeline::carry():184}:185}(Object(Illuminate/Http/Request))
#38 C:/Users/ASUS/Documents/.Benny/project/.ouvetoys/frontend/vendor/laravel/framework/src/Illuminate/Pipeline/Pipeline.php(209): Illuminate/Http/Middleware/ValidatePostSize->handle(Object(Illuminate/Http/Request), Object(Closure))
#39 C:/Users/ASUS/Documents/.Benny/project/.ouvetoys/frontend/vendor/laravel/framework/src/Illuminate/Foundation/Http/Middleware/PreventRequestsDuringMaintenance.php(110): Illuminate/Pipeline/Pipeline->{closure:{closure:Illuminate/Pipeline/Pipeline::carry():184}:185}(Object(Illuminate/Http/Request))
#40 C:/Users/ASUS/Documents/.Benny/project/.ouvetoys/frontend/vendor/laravel/framework/src/Illuminate/Pipeline/Pipeline.php(209): Illuminate/Foundation/Http/Middleware/PreventRequestsDuringMaintenance->handle(Object(Illuminate/Http/Request), Object(Closure))
#41 C:/Users/ASUS/Documents/.Benny/project/.ouvetoys/frontend/vendor/laravel/framework/src/Illuminate/Http/Middleware/HandleCors.php(49): Illuminate/Pipeline/Pipeline->{closure:{closure:Illuminate/Pipeline/Pipeline::carry():184}:185}(Object(Illuminate/Http/Request))
#42 C:/Users/ASUS/Documents/.Benny/project/.ouvetoys/frontend/vendor/laravel/framework/src/Illuminate/Pipeline/Pipeline.php(209): Illuminate/Http/Middleware/HandleCors->handle(Object(Illuminate/Http/Request), Object(Closure))
#43 C:/Users/ASUS/Documents/.Benny/project/.ouvetoys/frontend/vendor/laravel/framework/src/Illuminate/Http/Middleware/TrustProxies.php(58): Illuminate/Pipeline/Pipeline->{closure:{closure:Illuminate/Pipeline/Pipeline::carry():184}:185}(Object(Illuminate/Http/Request))
#44 C:/Users/ASUS/Documents/.Benny/project/.ouvetoys/frontend/vendor/laravel/framework/src/Illuminate/Pipeline/Pipeline.php(209): Illuminate/Http/Middleware/TrustProxies->handle(Object(Illuminate/Http/Request), Object(Closure))
#45 C:/Users/ASUS/Documents/.Benny/project/.ouvetoys/frontend/vendor/laravel/framework/src/Illuminate/Foundation/Http/Middleware/InvokeDeferredCallbacks.php(22): Illuminate/Pipeline/Pipeline->{closure:{closure:Illuminate/Pipeline/Pipeline::carry():184}:185}(Object(Illuminate/Http/Request))
#46 C:/Users/ASUS/Documents/.Benny/project/.ouvetoys/frontend/vendor/laravel/framework/src/Illuminate/Pipeline/Pipeline.php(209): Illuminate/Foundation/Http/Middleware/InvokeDeferredCallbacks->handle(Object(Illuminate/Http/Request), Object(Closure))
#47 C:/Users/ASUS/Documents/.Benny/project/.ouvetoys/frontend/vendor/laravel/framework/src/Illuminate/Pipeline/Pipeline.php(127): Illuminate/Pipeline/Pipeline->{closure:{closure:Illuminate/Pipeline/Pipeline::carry():184}:185}(Object(Illuminate/Http/Request))
#48 C:/Users/ASUS/Documents/.Benny/project/.ouvetoys/frontend/vendor/laravel/framework/src/Illuminate/Foundation/Http/Kernel.php(176): Illuminate/Pipeline/Pipeline->then(Object(Closure))
#49 C:/Users/ASUS/Documents/.Benny/project/.ouvetoys/frontend/vendor/laravel/framework/src/Illuminate/Foundation/Http/Kernel.php(145): Illuminate/Foundation/Http/Kernel->sendRequestThroughRouter(Object(Illuminate/Http/Request))
#50 C:/Users/ASUS/Documents/.Benny/project/.ouvetoys/frontend/vendor/laravel/framework/src/Illuminate/Foundation/Testing/Concerns/MakesHttpRequests.php(607): Illuminate/Foundation/Http/Kernel->handle(Object(Illuminate/Http/Request))
#51 C:/Users/ASUS/Documents/.Benny/project/.ouvetoys/frontend/vendor/laravel/framework/src/Illuminate/Foundation/Testing/Concerns/MakesHttpRequests.php(368): Illuminate/Foundation/Testing/TestCase->call('GET', '/products', Array, Array, Array, Array)
#52 C:/Users/ASUS/Documents/.Benny/project/.ouvetoys/frontend/tests/Feature/CatalogTest.php(19): Illuminate/Foundation/Testing/TestCase->get('/products')
#53 C:/Users/ASUS/Documents/.Benny/project/.ouvetoys/frontend/vendor/phpunit/phpunit/src/Framework/TestCase.php(1667): Tests/Feature/CatalogTest->test_public_catalog_and_detail_render_active_products()
#54 C:/Users/ASUS/Documents/.Benny/project/.ouvetoys/frontend/vendor/phpunit/phpunit/src/Framework/TestCase.php(519): PHPUnit/Framework/TestCase->runTest()
#55 C:/Users/ASUS/Documents/.Benny/project/.ouvetoys/frontend/vendor/phpunit/phpunit/src/Framework/TestRunner/TestRunner.php(87): PHPUnit/Framework/TestCase->runBare()
#56 C:/Users/ASUS/Documents/.Benny/project/.ouvetoys/frontend/vendor/phpunit/phpunit/src/Framework/TestCase.php(365): PHPUnit/Framework/TestRunner->run(Object(Tests/Feature/CatalogTest))
#57 C:/Users/ASUS/Documents/.Benny/project/.ouvetoys/frontend/vendor/phpunit/phpunit/src/Framework/TestSuite.php(369): PHPUnit/Framework/TestCase->run()
#58 C:/Users/ASUS/Documents/.Benny/project/.ouvetoys/frontend/vendor/phpunit/phpunit/src/Framework/TestSuite.php(369): PHPUnit/Framework/TestSuite->run()
#59 C:/Users/ASUS/Documents/.Benny/project/.ouvetoys/frontend/vendor/phpunit/phpunit/src/Framework/TestSuite.php(369): PHPUnit/Framework/TestSuite->run()
#60 C:/Users/ASUS/Documents/.Benny/project/.ouvetoys/frontend/vendor/phpunit/phpunit/src/TextUI/TestRunner.php(64): PHPUnit/Framework/TestSuite->run()
#61 C:/Users/ASUS/Documents/.Benny/project/.ouvetoys/frontend/vendor/phpunit/phpunit/src/TextUI/Application.php(211): PHPUnit/TextUI/TestRunner->run(Object(PHPUnit/TextUI/Configuration/Configuration), Object(PHPUnit/Runner/ResultCache/DefaultResultCache), Object(PHPUnit/Framework/TestSuite))
#62 C:/Users/ASUS/Documents/.Benny/project/.ouvetoys/frontend/vendor/phpunit/phpunit/phpunit(104): PHPUnit/TextUI/Application->run(Array)
#63 {main}

[previous exception] [object] (Illuminate\\View\\ViewException(code: 0): Object of class Illuminate\\Database\\Eloquent\\Collection could not be converted to int (View: C:\\Users\\ASUS\\Documents\\.Benny\\project\\.ouvetoys\\frontend\\resources\\views\\components\\product-card.blade.php) at C:/Users/ASUS/Documents/.Benny/project/.ouvetoys/frontend/storage/framework/views/35c2957aba84e82b8be81f367a0f6b56.php:41)
[stacktrace]
#0 C:/Users/ASUS/Documents/.Benny/project/.ouvetoys/frontend/vendor/laravel/framework/src/Illuminate/View/Engines/PhpEngine.php(60): Illuminate/View/Engines/CompilerEngine->handleViewException(Object(ErrorException), 3)
#1 C:/Users/ASUS/Documents/.Benny/project/.ouvetoys/frontend/vendor/laravel/framework/src/Illuminate/View/Engines/CompilerEngine.php(75): Illuminate/View/Engines/PhpEngine->evaluatePath('C://Users//ASUS//D...', Array)
#2 C:/Users/ASUS/Documents/.Benny/project/.ouvetoys/frontend/vendor/laravel/framework/src/Illuminate/View/View.php(209): Illuminate/View/Engines/CompilerEngine->get('C://Users//ASUS//D...', Array)
#3 C:/Users/ASUS/Documents/.Benny/project/.ouvetoys/frontend/vendor/laravel/framework/src/Illuminate/View/View.php(192): Illuminate/View/View->getContents()
#4 C:/Users/ASUS/Documents/.Benny/project/.ouvetoys/frontend/vendor/laravel/framework/src/Illuminate/View/View.php(161): Illuminate/View/View->renderContents()
#5 C:/Users/ASUS/Documents/.Benny/project/.ouvetoys/frontend/vendor/laravel/framework/src/Illuminate/View/Concerns/ManagesComponents.php(103): Illuminate/View/View->render()
#6 C:/Users/ASUS/Documents/.Benny/project/.ouvetoys/frontend/storage/framework/views/7d594c4d05cf55233edf08aab7d434cd.php(43): Illuminate/View/Factory->renderComponent()
#7 C:/Users/ASUS/Documents/.Benny/project/.ouvetoys/frontend/vendor/laravel/framework/src/Illuminate/Filesystem/Filesystem.php(123): require('C://Users//ASUS//D...')
#8 C:/Users/ASUS/Documents/.Benny/project/.ouvetoys/frontend/vendor/laravel/framework/src/Illuminate/Filesystem/Filesystem.php(124): Illuminate/Filesystem/Filesystem::{closure:Illuminate/Filesystem/Filesystem::getRequire():120}()
#9 C:/Users/ASUS/Documents/.Benny/project/.ouvetoys/frontend/vendor/laravel/framework/src/Illuminate/View/Engines/PhpEngine.php(58): Illuminate/Filesystem/Filesystem->getRequire('C://Users//ASUS//D...', Array)
#10 C:/Users/ASUS/Documents/.Benny/project/.ouvetoys/frontend/vendor/laravel/framework/src/Illuminate/View/Engines/CompilerEngine.php(75): Illuminate/View/Engines/PhpEngine->evaluatePath('C://Users//ASUS//D...', Array)
#11 C:/Users/ASUS/Documents/.Benny/project/.ouvetoys/frontend/vendor/laravel/framework/src/Illuminate/View/View.php(209): Illuminate/View/Engines/CompilerEngine->get('C://Users//ASUS//D...', Array)
#12 C:/Users/ASUS/Documents/.Benny/project/.ouvetoys/frontend/vendor/laravel/framework/src/Illuminate/View/View.php(192): Illuminate/View/View->getContents()
#13 C:/Users/ASUS/Documents/.Benny/project/.ouvetoys/frontend/vendor/laravel/framework/src/Illuminate/View/View.php(161): Illuminate/View/View->renderContents()
#14 C:/Users/ASUS/Documents/.Benny/project/.ouvetoys/frontend/vendor/laravel/framework/src/Illuminate/Http/Response.php(79): Illuminate/View/View->render()
#15 C:/Users/ASUS/Documents/.Benny/project/.ouvetoys/frontend/vendor/laravel/framework/src/Illuminate/Http/Response.php(35): Illuminate/Http/Response->setContent(Object(Illuminate/View/View))
#16 C:/Users/ASUS/Documents/.Benny/project/.ouvetoys/frontend/vendor/laravel/framework/src/Illuminate/Routing/Router.php(920): Illuminate/Http/Response->__construct(Object(Illuminate/View/View), 200, Array)
#17 C:/Users/ASUS/Documents/.Benny/project/.ouvetoys/frontend/vendor/laravel/framework/src/Illuminate/Routing/Router.php(887): Illuminate/Routing/Router::toResponse(Object(Illuminate/Http/Request), Object(Illuminate/View/View))
#18 C:/Users/ASUS/Documents/.Benny/project/.ouvetoys/frontend/vendor/laravel/framework/src/Illuminate/Routing/Router.php(807): Illuminate/Routing/Router->prepareResponse(Object(Illuminate/Http/Request), Object(Illuminate/View/View))
#19 C:/Users/ASUS/Documents/.Benny/project/.ouvetoys/frontend/vendor/laravel/framework/src/Illuminate/Pipeline/Pipeline.php(170): Illuminate/Routing/Router->{closure:Illuminate/Routing/Router::runRouteWithinStack():807}(Object(Illuminate/Http/Request))
#20 C:/Users/ASUS/Documents/.Benny/project/.ouvetoys/frontend/vendor/laravel/framework/src/Illuminate/Routing/Middleware/SubstituteBindings.php(51): Illuminate/Pipeline/Pipeline->{closure:Illuminate/Pipeline/Pipeline::prepareDestination():168}(Object(Illuminate/Http/Request))
#21 C:/Users/ASUS/Documents/.Benny/project/.ouvetoys/frontend/vendor/laravel/framework/src/Illuminate/Pipeline/Pipeline.php(209): Illuminate/Routing/Middleware/SubstituteBindings->handle(Object(Illuminate/Http/Request), Object(Closure))
#22 C:/Users/ASUS/Documents/.Benny/project/.ouvetoys/frontend/vendor/laravel/framework/src/Illuminate/Foundation/Http/Middleware/VerifyCsrfToken.php(88): Illuminate/Pipeline/Pipeline->{closure:{closure:Illuminate/Pipeline/Pipeline::carry():184}:185}(Object(Illuminate/Http/Request))
#23 C:/Users/ASUS/Documents/.Benny/project/.ouvetoys/frontend/vendor/laravel/framework/src/Illuminate/Pipeline/Pipeline.php(209): Illuminate/Foundation/Http/Middleware/VerifyCsrfToken->handle(Object(Illuminate/Http/Request), Object(Closure))
#24 C:/Users/ASUS/Documents/.Benny/project/.ouvetoys/frontend/vendor/laravel/framework/src/Illuminate/View/Middleware/ShareErrorsFromSession.php(49): Illuminate/Pipeline/Pipeline->{closure:{closure:Illuminate/Pipeline/Pipeline::carry():184}:185}(Object(Illuminate/Http/Request))
#25 C:/Users/ASUS/Documents/.Benny/project/.ouvetoys/frontend/vendor/laravel/framework/src/Illuminate/Pipeline/Pipeline.php(209): Illuminate/View/Middleware/ShareErrorsFromSession->handle(Object(Illuminate/Http/Request), Object(Closure))
#26 C:/Users/ASUS/Documents/.Benny/project/.ouvetoys/frontend/vendor/laravel/framework/src/Illuminate/Session/Middleware/StartSession.php(121): Illuminate/Pipeline/Pipeline->{closure:{closure:Illuminate/Pipeline/Pipeline::carry():184}:185}(Object(Illuminate/Http/Request))
#27 C:/Users/ASUS/Documents/.Benny/project/.ouvetoys/frontend/vendor/laravel/framework/src/Illuminate/Session/Middleware/StartSession.php(64): Illuminate/Session/Middleware/StartSession->handleStatefulRequest(Object(Illuminate/Http/Request), Object(Illuminate/Session/Store), Object(Closure))
#28 C:/Users/ASUS/Documents/.Benny/project/.ouvetoys/frontend/vendor/laravel/framework/src/Illuminate/Pipeline/Pipeline.php(209): Illuminate/Session/Middleware/StartSession->handle(Object(Illuminate/Http/Request), Object(Closure))
#29 C:/Users/ASUS/Documents/.Benny/project/.ouvetoys/frontend/vendor/laravel/framework/src/Illuminate/Cookie/Middleware/AddQueuedCookiesToResponse.php(37): Illuminate/Pipeline/Pipeline->{closure:{closure:Illuminate/Pipeline/Pipeline::carry():184}:185}(Object(Illuminate/Http/Request))
#30 C:/Users/ASUS/Documents/.Benny/project/.ouvetoys/frontend/vendor/laravel/framework/src/Illuminate/Pipeline/Pipeline.php(209): Illuminate/Cookie/Middleware/AddQueuedCookiesToResponse->handle(Object(Illuminate/Http/Request), Object(Closure))
#31 C:/Users/ASUS/Documents/.Benny/project/.ouvetoys/frontend/vendor/laravel/framework/src/Illuminate/Cookie/Middleware/EncryptCookies.php(75): Illuminate/Pipeline/Pipeline->{closure:{closure:Illuminate/Pipeline/Pipeline::carry():184}:185}(Object(Illuminate/Http/Request))
#32 C:/Users/ASUS/Documents/.Benny/project/.ouvetoys/frontend/vendor/laravel/framework/src/Illuminate/Pipeline/Pipeline.php(209): Illuminate/Cookie/Middleware/EncryptCookies->handle(Object(Illuminate/Http/Request), Object(Closure))
#33 C:/Users/ASUS/Documents/.Benny/project/.ouvetoys/frontend/vendor/laravel/framework/src/Illuminate/Pipeline/Pipeline.php(127): Illuminate/Pipeline/Pipeline->{closure:{closure:Illuminate/Pipeline/Pipeline::carry():184}:185}(Object(Illuminate/Http/Request))
#34 C:/Users/ASUS/Documents/.Benny/project/.ouvetoys/frontend/vendor/laravel/framework/src/Illuminate/Routing/Router.php(807): Illuminate/Pipeline/Pipeline->then(Object(Closure))
#35 C:/Users/ASUS/Documents/.Benny/project/.ouvetoys/frontend/vendor/laravel/framework/src/Illuminate/Routing/Router.php(786): Illuminate/Routing/Router->runRouteWithinStack(Object(Illuminate/Routing/Route), Object(Illuminate/Http/Request))
#36 C:/Users/ASUS/Documents/.Benny/project/.ouvetoys/frontend/vendor/laravel/framework/src/Illuminate/Routing/Router.php(750): Illuminate/Routing/Router->runRoute(Object(Illuminate/Http/Request), Object(Illuminate/Routing/Route))
#37 C:/Users/ASUS/Documents/.Benny/project/.ouvetoys/frontend/vendor/laravel/framework/src/Illuminate/Routing/Router.php(739): Illuminate/Routing/Router->dispatchToRoute(Object(Illuminate/Http/Request))
#38 C:/Users/ASUS/Documents/.Benny/project/.ouvetoys/frontend/vendor/laravel/framework/src/Illuminate/Foundation/Http/Kernel.php(201): Illuminate/Routing/Router->dispatch(Object(Illuminate/Http/Request))
#39 C:/Users/ASUS/Documents/.Benny/project/.ouvetoys/frontend/vendor/laravel/framework/src/Illuminate/Pipeline/Pipeline.php(170): Illuminate/Foundation/Http/Kernel->{closure:Illuminate/Foundation/Http/Kernel::dispatchToRouter():198}(Object(Illuminate/Http/Request))
#40 C:/Users/ASUS/Documents/.Benny/project/.ouvetoys/frontend/vendor/laravel/framework/src/Illuminate/Foundation/Http/Middleware/TransformsRequest.php(21): Illuminate/Pipeline/Pipeline->{closure:Illuminate/Pipeline/Pipeline::prepareDestination():168}(Object(Illuminate/Http/Request))
#41 C:/Users/ASUS/Documents/.Benny/project/.ouvetoys/frontend/vendor/laravel/framework/src/Illuminate/Foundation/Http/Middleware/ConvertEmptyStringsToNull.php(31): Illuminate/Foundation/Http/Middleware/TransformsRequest->handle(Object(Illuminate/Http/Request), Object(Closure))
#42 C:/Users/ASUS/Documents/.Benny/project/.ouvetoys/frontend/vendor/laravel/framework/src/Illuminate/Pipeline/Pipeline.php(209): Illuminate/Foundation/Http/Middleware/ConvertEmptyStringsToNull->handle(Object(Illuminate/Http/Request), Object(Closure))
#43 C:/Users/ASUS/Documents/.Benny/project/.ouvetoys/frontend/vendor/laravel/framework/src/Illuminate/Foundation/Http/Middleware/TransformsRequest.php(21): Illuminate/Pipeline/Pipeline->{closure:{closure:Illuminate/Pipeline/Pipeline::carry():184}:185}(Object(Illuminate/Http/Request))
#44 C:/Users/ASUS/Documents/.Benny/project/.ouvetoys/frontend/vendor/laravel/framework/src/Illuminate/Foundation/Http/Middleware/TrimStrings.php(51): Illuminate/Foundation/Http/Middleware/TransformsRequest->handle(Object(Illuminate/Http/Request), Object(Closure))
#45 C:/Users/ASUS/Documents/.Benny/project/.ouvetoys/frontend/vendor/laravel/framework/src/Illuminate/Pipeline/Pipeline.php(209): Illuminate/Foundation/Http/Middleware/TrimStrings->handle(Object(Illuminate/Http/Request), Object(Closure))
#46 C:/Users/ASUS/Documents/.Benny/project/.ouvetoys/frontend/vendor/laravel/framework/src/Illuminate/Http/Middleware/ValidatePostSize.php(27): Illuminate/Pipeline/Pipeline->{closure:{closure:Illuminate/Pipeline/Pipeline::carry():184}:185}(Object(Illuminate/Http/Request))
#47 C:/Users/ASUS/Documents/.Benny/project/.ouvetoys/frontend/vendor/laravel/framework/src/Illuminate/Pipeline/Pipeline.php(209): Illuminate/Http/Middleware/ValidatePostSize->handle(Object(Illuminate/Http/Request), Object(Closure))
#48 C:/Users/ASUS/Documents/.Benny/project/.ouvetoys/frontend/vendor/laravel/framework/src/Illuminate/Foundation/Http/Middleware/PreventRequestsDuringMaintenance.php(110): Illuminate/Pipeline/Pipeline->{closure:{closure:Illuminate/Pipeline/Pipeline::carry():184}:185}(Object(Illuminate/Http/Request))
#49 C:/Users/ASUS/Documents/.Benny/project/.ouvetoys/frontend/vendor/laravel/framework/src/Illuminate/Pipeline/Pipeline.php(209): Illuminate/Foundation/Http/Middleware/PreventRequestsDuringMaintenance->handle(Object(Illuminate/Http/Request), Object(Closure))
#50 C:/Users/ASUS/Documents/.Benny/project/.ouvetoys/frontend/vendor/laravel/framework/src/Illuminate/Http/Middleware/HandleCors.php(49): Illuminate/Pipeline/Pipeline->{closure:{closure:Illuminate/Pipeline/Pipeline::carry():184}:185}(Object(Illuminate/Http/Request))
#51 C:/Users/ASUS/Documents/.Benny/project/.ouvetoys/frontend/vendor/laravel/framework/src/Illuminate/Pipeline/Pipeline.php(209): Illuminate/Http/Middleware/HandleCors->handle(Object(Illuminate/Http/Request), Object(Closure))
#52 C:/Users/ASUS/Documents/.Benny/project/.ouvetoys/frontend/vendor/laravel/framework/src/Illuminate/Http/Middleware/TrustProxies.php(58): Illuminate/Pipeline/Pipeline->{closure:{closure:Illuminate/Pipeline/Pipeline::carry():184}:185}(Object(Illuminate/Http/Request))
#53 C:/Users/ASUS/Documents/.Benny/project/.ouvetoys/frontend/vendor/laravel/framework/src/Illuminate/Pipeline/Pipeline.php(209): Illuminate/Http/Middleware/TrustProxies->handle(Object(Illuminate/Http/Request), Object(Closure))
#54 C:/Users/ASUS/Documents/.Benny/project/.ouvetoys/frontend/vendor/laravel/framework/src/Illuminate/Foundation/Http/Middleware/InvokeDeferredCallbacks.php(22): Illuminate/Pipeline/Pipeline->{closure:{closure:Illuminate/Pipeline/Pipeline::carry():184}:185}(Object(Illuminate/Http/Request))
#55 C:/Users/ASUS/Documents/.Benny/project/.ouvetoys/frontend/vendor/laravel/framework/src/Illuminate/Pipeline/Pipeline.php(209): Illuminate/Foundation/Http/Middleware/InvokeDeferredCallbacks->handle(Object(Illuminate/Http/Request), Object(Closure))
#56 C:/Users/ASUS/Documents/.Benny/project/.ouvetoys/frontend/vendor/laravel/framework/src/Illuminate/Pipeline/Pipeline.php(127): Illuminate/Pipeline/Pipeline->{closure:{closure:Illuminate/Pipeline/Pipeline::carry():184}:185}(Object(Illuminate/Http/Request))
#57 C:/Users/ASUS/Documents/.Benny/project/.ouvetoys/frontend/vendor/laravel/framework/src/Illuminate/Foundation/Http/Kernel.php(176): Illuminate/Pipeline/Pipeline->then(Object(Closure))
#58 C:/Users/ASUS/Documents/.Benny/project/.ouvetoys/frontend/vendor/laravel/framework/src/Illuminate/Foundation/Http/Kernel.php(145): Illuminate/Foundation/Http/Kernel->sendRequestThroughRouter(Object(Illuminate/Http/Request))
#59 C:/Users/ASUS/Documents/.Benny/project/.ouvetoys/frontend/vendor/laravel/framework/src/Illuminate/Foundation/Testing/Concerns/MakesHttpRequests.php(607): Illuminate/Foundation/Http/Kernel->handle(Object(Illuminate/Http/Request))
#60 C:/Users/ASUS/Documents/.Benny/project/.ouvetoys/frontend/vendor/laravel/framework/src/Illuminate/Foundation/Testing/Concerns/MakesHttpRequests.php(368): Illuminate/Foundation/Testing/TestCase->call('GET', '/products', Array, Array, Array, Array)
#61 C:/Users/ASUS/Documents/.Benny/project/.ouvetoys/frontend/tests/Feature/CatalogTest.php(19): Illuminate/Foundation/Testing/TestCase->get('/products')
#62 C:/Users/ASUS/Documents/.Benny/project/.ouvetoys/frontend/vendor/phpunit/phpunit/src/Framework/TestCase.php(1667): Tests/Feature/CatalogTest->test_public_catalog_and_detail_render_active_products()
#63 C:/Users/ASUS/Documents/.Benny/project/.ouvetoys/frontend/vendor/phpunit/phpunit/src/Framework/TestCase.php(519): PHPUnit/Framework/TestCase->runTest()
#64 C:/Users/ASUS/Documents/.Benny/project/.ouvetoys/frontend/vendor/phpunit/phpunit/src/Framework/TestRunner/TestRunner.php(87): PHPUnit/Framework/TestCase->runBare()
#65 C:/Users/ASUS/Documents/.Benny/project/.ouvetoys/frontend/vendor/phpunit/phpunit/src/Framework/TestCase.php(365): PHPUnit/Framework/TestRunner->run(Object(Tests/Feature/CatalogTest))
#66 C:/Users/ASUS/Documents/.Benny/project/.ouvetoys/frontend/vendor/phpunit/phpunit/src/Framework/TestSuite.php(369): PHPUnit/Framework/TestCase->run()
#67 C:/Users/ASUS/Documents/.Benny/project/.ouvetoys/frontend/vendor/phpunit/phpunit/src/Framework/TestSuite.php(369): PHPUnit/Framework/TestSuite->run()
#68 C:/Users/ASUS/Documents/.Benny/project/.ouvetoys/frontend/vendor/phpunit/phpunit/src/Framework/TestSuite.php(369): PHPUnit/Framework/TestSuite->run()
#69 C:/Users/ASUS/Documents/.Benny/project/.ouvetoys/frontend/vendor/phpunit/phpunit/src/TextUI/TestRunner.php(64): PHPUnit/Framework/TestSuite->run()
#70 C:/Users/ASUS/Documents/.Benny/project/.ouvetoys/frontend/vendor/phpunit/phpunit/src/TextUI/Application.php(211): PHPUnit/TextUI/TestRunner->run(Object(PHPUnit/TextUI/Configuration/Configuration), Object(PHPUnit/Runner/ResultCache/DefaultResultCache), Object(PHPUnit/Framework/TestSuite))
#71 C:/Users/ASUS/Documents/.Benny/project/.ouvetoys/frontend/vendor/phpunit/phpunit/phpunit(104): PHPUnit/TextUI/Application->run(Array)
#72 {main}

[previous exception] [object] (ErrorException(code: 0): Object of class Illuminate\\Database\\Eloquent\\Collection could not be converted to int at C:/Users/ASUS/Documents/.Benny/project/.ouvetoys/frontend/storage/framework/views/35c2957aba84e82b8be81f367a0f6b56.php:41)
[stacktrace]
#0 C:/Users/ASUS/Documents/.Benny/project/.ouvetoys/frontend/vendor/laravel/framework/src/Illuminate/Foundation/Bootstrap/HandleExceptions.php(258): Illuminate/Foundation/Bootstrap/HandleExceptions->handleError(2, 'Object of class...', 'C://Users//ASUS//D...', 41)
#1 C:/Users/ASUS/Documents/.Benny/project/.ouvetoys/frontend/storage/framework/views/35c2957aba84e82b8be81f367a0f6b56.php(41): Illuminate/Foundation/Bootstrap/HandleExceptions->{closure:Illuminate/Foundation/Bootstrap/HandleExceptions::forwardsTo():257}(2, 'Object of class...', 'C://Users//ASUS//D...', 41)
#2 C:/Users/ASUS/Documents/.Benny/project/.ouvetoys/frontend/vendor/laravel/framework/src/Illuminate/Filesystem/Filesystem.php(123): require('C://Users//ASUS//D...')
#3 C:/Users/ASUS/Documents/.Benny/project/.ouvetoys/frontend/vendor/laravel/framework/src/Illuminate/Filesystem/Filesystem.php(124): Illuminate/Filesystem/Filesystem::{closure:Illuminate/Filesystem/Filesystem::getRequire():120}()
#4 C:/Users/ASUS/Documents/.Benny/project/.ouvetoys/frontend/vendor/laravel/framework/src/Illuminate/View/Engines/PhpEngine.php(58): Illuminate/Filesystem/Filesystem->getRequire('C://Users//ASUS//D...', Array)
#5 C:/Users/ASUS/Documents/.Benny/project/.ouvetoys/frontend/vendor/laravel/framework/src/Illuminate/View/Engines/CompilerEngine.php(75): Illuminate/View/Engines/PhpEngine->evaluatePath('C://Users//ASUS//D...', Array)
#6 C:/Users/ASUS/Documents/.Benny/project/.ouvetoys/frontend/vendor/laravel/framework/src/Illuminate/View/View.php(209): Illuminate/View/Engines/CompilerEngine->get('C://Users//ASUS//D...', Array)
#7 C:/Users/ASUS/Documents/.Benny/project/.ouvetoys/frontend/vendor/laravel/framework/src/Illuminate/View/View.php(192): Illuminate/View/View->getContents()
#8 C:/Users/ASUS/Documents/.Benny/project/.ouvetoys/frontend/vendor/laravel/framework/src/Illuminate/View/View.php(161): Illuminate/View/View->renderContents()
#9 C:/Users/ASUS/Documents/.Benny/project/.ouvetoys/frontend/vendor/laravel/framework/src/Illuminate/View/Concerns/ManagesComponents.php(103): Illuminate/View/View->render()
#10 C:/Users/ASUS/Documents/.Benny/project/.ouvetoys/frontend/storage/framework/views/7d594c4d05cf55233edf08aab7d434cd.php(43): Illuminate/View/Factory->renderComponent()
#11 C:/Users/ASUS/Documents/.Benny/project/.ouvetoys/frontend/vendor/laravel/framework/src/Illuminate/Filesystem/Filesystem.php(123): require('C://Users//ASUS//D...')
#12 C:/Users/ASUS/Documents/.Benny/project/.ouvetoys/frontend/vendor/laravel/framework/src/Illuminate/Filesystem/Filesystem.php(124): Illuminate/Filesystem/Filesystem::{closure:Illuminate/Filesystem/Filesystem::getRequire():120}()
#13 C:/Users/ASUS/Documents/.Benny/project/.ouvetoys/frontend/vendor/laravel/framework/src/Illuminate/View/Engines/PhpEngine.php(58): Illuminate/Filesystem/Filesystem->getRequire('C://Users//ASUS//D...', Array)
#14 C:/Users/ASUS/Documents/.Benny/project/.ouvetoys/frontend/vendor/laravel/framework/src/Illuminate/View/Engines/CompilerEngine.php(75): Illuminate/View/Engines/PhpEngine->evaluatePath('C://Users//ASUS//D...', Array)
#15 C:/Users/ASUS/Documents/.Benny/project/.ouvetoys/frontend/vendor/laravel/framework/src/Illuminate/View/View.php(209): Illuminate/View/Engines/CompilerEngine->get('C://Users//ASUS//D...', Array)
#16 C:/Users/ASUS/Documents/.Benny/project/.ouvetoys/frontend/vendor/laravel/framework/src/Illuminate/View/View.php(192): Illuminate/View/View->getContents()
#17 C:/Users/ASUS/Documents/.Benny/project/.ouvetoys/frontend/vendor/laravel/framework/src/Illuminate/View/View.php(161): Illuminate/View/View->renderContents()
#18 C:/Users/ASUS/Documents/.Benny/project/.ouvetoys/frontend/vendor/laravel/framework/src/Illuminate/Http/Response.php(79): Illuminate/View/View->render()
#19 C:/Users/ASUS/Documents/.Benny/project/.ouvetoys/frontend/vendor/laravel/framework/src/Illuminate/Http/Response.php(35): Illuminate/Http/Response->setContent(Object(Illuminate/View/View))
#20 C:/Users/ASUS/Documents/.Benny/project/.ouvetoys/frontend/vendor/laravel/framework/src/Illuminate/Routing/Router.php(920): Illuminate/Http/Response->__construct(Object(Illuminate/View/View), 200, Array)
#21 C:/Users/ASUS/Documents/.Benny/project/.ouvetoys/frontend/vendor/laravel/framework/src/Illuminate/Routing/Router.php(887): Illuminate/Routing/Router::toResponse(Object(Illuminate/Http/Request), Object(Illuminate/View/View))
#22 C:/Users/ASUS/Documents/.Benny/project/.ouvetoys/frontend/vendor/laravel/framework/src/Illuminate/Routing/Router.php(807): Illuminate/Routing/Router->prepareResponse(Object(Illuminate/Http/Request), Object(Illuminate/View/View))
#23 C:/Users/ASUS/Documents/.Benny/project/.ouvetoys/frontend/vendor/laravel/framework/src/Illuminate/Pipeline/Pipeline.php(170): Illuminate/Routing/Router->{closure:Illuminate/Routing/Router::runRouteWithinStack():807}(Object(Illuminate/Http/Request))
#24 C:/Users/ASUS/Documents/.Benny/project/.ouvetoys/frontend/vendor/laravel/framework/src/Illuminate/Routing/Middleware/SubstituteBindings.php(51): Illuminate/Pipeline/Pipeline->{closure:Illuminate/Pipeline/Pipeline::prepareDestination():168}(Object(Illuminate/Http/Request))
#25 C:/Users/ASUS/Documents/.Benny/project/.ouvetoys/frontend/vendor/laravel/framework/src/Illuminate/Pipeline/Pipeline.php(209): Illuminate/Routing/Middleware/SubstituteBindings->handle(Object(Illuminate/Http/Request), Object(Closure))
#26 C:/Users/ASUS/Documents/.Benny/project/.ouvetoys/frontend/vendor/laravel/framework/src/Illuminate/Foundation/Http/Middleware/VerifyCsrfToken.php(88): Illuminate/Pipeline/Pipeline->{closure:{closure:Illuminate/Pipeline/Pipeline::carry():184}:185}(Object(Illuminate/Http/Request))
#27 C:/Users/ASUS/Documents/.Benny/project/.ouvetoys/frontend/vendor/laravel/framework/src/Illuminate/Pipeline/Pipeline.php(209): Illuminate/Foundation/Http/Middleware/VerifyCsrfToken->handle(Object(Illuminate/Http/Request), Object(Closure))
#28 C:/Users/ASUS/Documents/.Benny/project/.ouvetoys/frontend/vendor/laravel/framework/src/Illuminate/View/Middleware/ShareErrorsFromSession.php(49): Illuminate/Pipeline/Pipeline->{closure:{closure:Illuminate/Pipeline/Pipeline::carry():184}:185}(Object(Illuminate/Http/Request))
#29 C:/Users/ASUS/Documents/.Benny/project/.ouvetoys/frontend/vendor/laravel/framework/src/Illuminate/Pipeline/Pipeline.php(209): Illuminate/View/Middleware/ShareErrorsFromSession->handle(Object(Illuminate/Http/Request), Object(Closure))
#30 C:/Users/ASUS/Documents/.Benny/project/.ouvetoys/frontend/vendor/laravel/framework/src/Illuminate/Session/Middleware/StartSession.php(121): Illuminate/Pipeline/Pipeline->{closure:{closure:Illuminate/Pipeline/Pipeline::carry():184}:185}(Object(Illuminate/Http/Request))
#31 C:/Users/ASUS/Documents/.Benny/project/.ouvetoys/frontend/vendor/laravel/framework/src/Illuminate/Session/Middleware/StartSession.php(64): Illuminate/Session/Middleware/StartSession->handleStatefulRequest(Object(Illuminate/Http/Request), Object(Illuminate/Session/Store), Object(Closure))
#32 C:/Users/ASUS/Documents/.Benny/project/.ouvetoys/frontend/vendor/laravel/framework/src/Illuminate/Pipeline/Pipeline.php(209): Illuminate/Session/Middleware/StartSession->handle(Object(Illuminate/Http/Request), Object(Closure))
#33 C:/Users/ASUS/Documents/.Benny/project/.ouvetoys/frontend/vendor/laravel/framework/src/Illuminate/Cookie/Middleware/AddQueuedCookiesToResponse.php(37): Illuminate/Pipeline/Pipeline->{closure:{closure:Illuminate/Pipeline/Pipeline::carry():184}:185}(Object(Illuminate/Http/Request))
#34 C:/Users/ASUS/Documents/.Benny/project/.ouvetoys/frontend/vendor/laravel/framework/src/Illuminate/Pipeline/Pipeline.php(209): Illuminate/Cookie/Middleware/AddQueuedCookiesToResponse->handle(Object(Illuminate/Http/Request), Object(Closure))
#35 C:/Users/ASUS/Documents/.Benny/project/.ouvetoys/frontend/vendor/laravel/framework/src/Illuminate/Cookie/Middleware/EncryptCookies.php(75): Illuminate/Pipeline/Pipeline->{closure:{closure:Illuminate/Pipeline/Pipeline::carry():184}:185}(Object(Illuminate/Http/Request))
#36 C:/Users/ASUS/Documents/.Benny/project/.ouvetoys/frontend/vendor/laravel/framework/src/Illuminate/Pipeline/Pipeline.php(209): Illuminate/Cookie/Middleware/EncryptCookies->handle(Object(Illuminate/Http/Request), Object(Closure))
#37 C:/Users/ASUS/Documents/.Benny/project/.ouvetoys/frontend/vendor/laravel/framework/src/Illuminate/Pipeline/Pipeline.php(127): Illuminate/Pipeline/Pipeline->{closure:{closure:Illuminate/Pipeline/Pipeline::carry():184}:185}(Object(Illuminate/Http/Request))
#38 C:/Users/ASUS/Documents/.Benny/project/.ouvetoys/frontend/vendor/laravel/framework/src/Illuminate/Routing/Router.php(807): Illuminate/Pipeline/Pipeline->then(Object(Closure))
#39 C:/Users/ASUS/Documents/.Benny/project/.ouvetoys/frontend/vendor/laravel/framework/src/Illuminate/Routing/Router.php(786): Illuminate/Routing/Router->runRouteWithinStack(Object(Illuminate/Routing/Route), Object(Illuminate/Http/Request))
#40 C:/Users/ASUS/Documents/.Benny/project/.ouvetoys/frontend/vendor/laravel/framework/src/Illuminate/Routing/Router.php(750): Illuminate/Routing/Router->runRoute(Object(Illuminate/Http/Request), Object(Illuminate/Routing/Route))
#41 C:/Users/ASUS/Documents/.Benny/project/.ouvetoys/frontend/vendor/laravel/framework/src/Illuminate/Routing/Router.php(739): Illuminate/Routing/Router->dispatchToRoute(Object(Illuminate/Http/Request))
#42 C:/Users/ASUS/Documents/.Benny/project/.ouvetoys/frontend/vendor/laravel/framework/src/Illuminate/Foundation/Http/Kernel.php(201): Illuminate/Routing/Router->dispatch(Object(Illuminate/Http/Request))
#43 C:/Users/ASUS/Documents/.Benny/project/.ouvetoys/frontend/vendor/laravel/framework/src/Illuminate/Pipeline/Pipeline.php(170): Illuminate/Foundation/Http/Kernel->{closure:Illuminate/Foundation/Http/Kernel::dispatchToRouter():198}(Object(Illuminate/Http/Request))
#44 C:/Users/ASUS/Documents/.Benny/project/.ouvetoys/frontend/vendor/laravel/framework/src/Illuminate/Foundation/Http/Middleware/TransformsRequest.php(21): Illuminate/Pipeline/Pipeline->{closure:Illuminate/Pipeline/Pipeline::prepareDestination():168}(Object(Illuminate/Http/Request))
#45 C:/Users/ASUS/Documents/.Benny/project/.ouvetoys/frontend/vendor/laravel/framework/src/Illuminate/Foundation/Http/Middleware/ConvertEmptyStringsToNull.php(31): Illuminate/Foundation/Http/Middleware/TransformsRequest->handle(Object(Illuminate/Http/Request), Object(Closure))
#46 C:/Users/ASUS/Documents/.Benny/project/.ouvetoys/frontend/vendor/laravel/framework/src/Illuminate/Pipeline/Pipeline.php(209): Illuminate/Foundation/Http/Middleware/ConvertEmptyStringsToNull->handle(Object(Illuminate/Http/Request), Object(Closure))
#47 C:/Users/ASUS/Documents/.Benny/project/.ouvetoys/frontend/vendor/laravel/framework/src/Illuminate/Foundation/Http/Middleware/TransformsRequest.php(21): Illuminate/Pipeline/Pipeline->{closure:{closure:Illuminate/Pipeline/Pipeline::carry():184}:185}(Object(Illuminate/Http/Request))
#48 C:/Users/ASUS/Documents/.Benny/project/.ouvetoys/frontend/vendor/laravel/framework/src/Illuminate/Foundation/Http/Middleware/TrimStrings.php(51): Illuminate/Foundation/Http/Middleware/TransformsRequest->handle(Object(Illuminate/Http/Request), Object(Closure))
#49 C:/Users/ASUS/Documents/.Benny/project/.ouvetoys/frontend/vendor/laravel/framework/src/Illuminate/Pipeline/Pipeline.php(209): Illuminate/Foundation/Http/Middleware/TrimStrings->handle(Object(Illuminate/Http/Request), Object(Closure))
#50 C:/Users/ASUS/Documents/.Benny/project/.ouvetoys/frontend/vendor/laravel/framework/src/Illuminate/Http/Middleware/ValidatePostSize.php(27): Illuminate/Pipeline/Pipeline->{closure:{closure:Illuminate/Pipeline/Pipeline::carry():184}:185}(Object(Illuminate/Http/Request))
#51 C:/Users/ASUS/Documents/.Benny/project/.ouvetoys/frontend/vendor/laravel/framework/src/Illuminate/Pipeline/Pipeline.php(209): Illuminate/Http/Middleware/ValidatePostSize->handle(Object(Illuminate/Http/Request), Object(Closure))
#52 C:/Users/ASUS/Documents/.Benny/project/.ouvetoys/frontend/vendor/laravel/framework/src/Illuminate/Foundation/Http/Middleware/PreventRequestsDuringMaintenance.php(110): Illuminate/Pipeline/Pipeline->{closure:{closure:Illuminate/Pipeline/Pipeline::carry():184}:185}(Object(Illuminate/Http/Request))
#53 C:/Users/ASUS/Documents/.Benny/project/.ouvetoys/frontend/vendor/laravel/framework/src/Illuminate/Pipeline/Pipeline.php(209): Illuminate/Foundation/Http/Middleware/PreventRequestsDuringMaintenance->handle(Object(Illuminate/Http/Request), Object(Closure))
#54 C:/Users/ASUS/Documents/.Benny/project/.ouvetoys/frontend/vendor/laravel/framework/src/Illuminate/Http/Middleware/HandleCors.php(49): Illuminate/Pipeline/Pipeline->{closure:{closure:Illuminate/Pipeline/Pipeline::carry():184}:185}(Object(Illuminate/Http/Request))
#55 C:/Users/ASUS/Documents/.Benny/project/.ouvetoys/frontend/vendor/laravel/framework/src/Illuminate/Pipeline/Pipeline.php(209): Illuminate/Http/Middleware/HandleCors->handle(Object(Illuminate/Http/Request), Object(Closure))
#56 C:/Users/ASUS/Documents/.Benny/project/.ouvetoys/frontend/vendor/laravel/framework/src/Illuminate/Http/Middleware/TrustProxies.php(58): Illuminate/Pipeline/Pipeline->{closure:{closure:Illuminate/Pipeline/Pipeline::carry():184}:185}(Object(Illuminate/Http/Request))
#57 C:/Users/ASUS/Documents/.Benny/project/.ouvetoys/frontend/vendor/laravel/framework/src/Illuminate/Pipeline/Pipeline.php(209): Illuminate/Http/Middleware/TrustProxies->handle(Object(Illuminate/Http/Request), Object(Closure))
#58 C:/Users/ASUS/Documents/.Benny/project/.ouvetoys/frontend/vendor/laravel/framework/src/Illuminate/Foundation/Http/Middleware/InvokeDeferredCallbacks.php(22): Illuminate/Pipeline/Pipeline->{closure:{closure:Illuminate/Pipeline/Pipeline::carry():184}:185}(Object(Illuminate/Http/Request))
#59 C:/Users/ASUS/Documents/.Benny/project/.ouvetoys/frontend/vendor/laravel/framework/src/Illuminate/Pipeline/Pipeline.php(209): Illuminate/Foundation/Http/Middleware/InvokeDeferredCallbacks->handle(Object(Illuminate/Http/Request), Object(Closure))
#60 C:/Users/ASUS/Documents/.Benny/project/.ouvetoys/frontend/vendor/laravel/framework/src/Illuminate/Pipeline/Pipeline.php(127): Illuminate/Pipeline/Pipeline->{closure:{closure:Illuminate/Pipeline/Pipeline::carry():184}:185}(Object(Illuminate/Http/Request))
#61 C:/Users/ASUS/Documents/.Benny/project/.ouvetoys/frontend/vendor/laravel/framework/src/Illuminate/Foundation/Http/Kernel.php(176): Illuminate/Pipeline/Pipeline->then(Object(Closure))
#62 C:/Users/ASUS/Documents/.Benny/project/.ouvetoys/frontend/vendor/laravel/framework/src/Illuminate/Foundation/Http/Kernel.php(145): Illuminate/Foundation/Http/Kernel->sendRequestThroughRouter(Object(Illuminate/Http/Request))
#63 C:/Users/ASUS/Documents/.Benny/project/.ouvetoys/frontend/vendor/laravel/framework/src/Illuminate/Foundation/Testing/Concerns/MakesHttpRequests.php(607): Illuminate/Foundation/Http/Kernel->handle(Object(Illuminate/Http/Request))
#64 C:/Users/ASUS/Documents/.Benny/project/.ouvetoys/frontend/vendor/laravel/framework/src/Illuminate/Foundation/Testing/Concerns/MakesHttpRequests.php(368): Illuminate/Foundation/Testing/TestCase->call('GET', '/products', Array, Array, Array, Array)
#65 C:/Users/ASUS/Documents/.Benny/project/.ouvetoys/frontend/tests/Feature/CatalogTest.php(19): Illuminate/Foundation/Testing/TestCase->get('/products')
#66 C:/Users/ASUS/Documents/.Benny/project/.ouvetoys/frontend/vendor/phpunit/phpunit/src/Framework/TestCase.php(1667): Tests/Feature/CatalogTest->test_public_catalog_and_detail_render_active_products()
#67 C:/Users/ASUS/Documents/.Benny/project/.ouvetoys/frontend/vendor/phpunit/phpunit/src/Framework/TestCase.php(519): PHPUnit/Framework/TestCase->runTest()
#68 C:/Users/ASUS/Documents/.Benny/project/.ouvetoys/frontend/vendor/phpunit/phpunit/src/Framework/TestRunner/TestRunner.php(87): PHPUnit/Framework/TestCase->runBare()
#69 C:/Users/ASUS/Documents/.Benny/project/.ouvetoys/frontend/vendor/phpunit/phpunit/src/Framework/TestCase.php(365): PHPUnit/Framework/TestRunner->run(Object(Tests/Feature/CatalogTest))
#70 C:/Users/ASUS/Documents/.Benny/project/.ouvetoys/frontend/vendor/phpunit/phpunit/src/Framework/TestSuite.php(369): PHPUnit/Framework/TestCase->run()
#71 C:/Users/ASUS/Documents/.Benny/project/.ouvetoys/frontend/vendor/phpunit/phpunit/src/Framework/TestSuite.php(369): PHPUnit/Framework/TestSuite->run()
#72 C:/Users/ASUS/Documents/.Benny/project/.ouvetoys/frontend/vendor/phpunit/phpunit/src/Framework/TestSuite.php(369): PHPUnit/Framework/TestSuite->run()
#73 C:/Users/ASUS/Documents/.Benny/project/.ouvetoys/frontend/vendor/phpunit/phpunit/src/TextUI/TestRunner.php(64): PHPUnit/Framework/TestSuite->run()
#74 C:/Users/ASUS/Documents/.Benny/project/.ouvetoys/frontend/vendor/phpunit/phpunit/src/TextUI/Application.php(211): PHPUnit/TextUI/TestRunner->run(Object(PHPUnit/TextUI/Configuration/Configuration), Object(PHPUnit/Runner/ResultCache/DefaultResultCache), Object(PHPUnit/Framework/TestSuite))
#75 C:/Users/ASUS/Documents/.Benny/project/.ouvetoys/frontend/vendor/phpunit/phpunit/phpunit(104): PHPUnit/TextUI/Application->run(Array)
#76 {main}
"} 
[2026-07-06 19:28:30] local.ERROR: Command "test" is not defined.

Did you mean one of these?
    make:test
    schedule:test {"exception":"[object] (Symfony\\Component\\Console\\Exception\\CommandNotFoundException(code: 0): Command \"test\" is not defined.

Did you mean one of these?
    make:test
    schedule:test at C:/Users/ASUS/Documents/.Benny/project/.ouvetoys/frontend/vendor/symfony/console/Application.php:759)
[stacktrace]
#0 C:/Users/ASUS/Documents/.Benny/project/.ouvetoys/frontend/vendor/symfony/console/Application.php(298): Symfony/Component/Console/Application->find('test')
#1 C:/Users/ASUS/Documents/.Benny/project/.ouvetoys/frontend/vendor/symfony/console/Application.php(195): Symfony/Component/Console/Application->doRun(Object(Symfony/Component/Console/Input/ArgvInput), Object(Symfony/Component/Console/Output/ConsoleOutput))
#2 C:/Users/ASUS/Documents/.Benny/project/.ouvetoys/frontend/vendor/laravel/framework/src/Illuminate/Foundation/Console/Kernel.php(198): Symfony/Component/Console/Application->run(Object(Symfony/Component/Console/Input/ArgvInput), Object(Symfony/Component/Console/Output/ConsoleOutput))
#3 C:/Users/ASUS/Documents/.Benny/project/.ouvetoys/frontend/vendor/laravel/framework/src/Illuminate/Foundation/Application.php(1235): Illuminate/Foundation/Console/Kernel->handle(Object(Symfony/Component/Console/Input/ArgvInput), Object(Symfony/Component/Console/Output/ConsoleOutput))
#4 C:/Users/ASUS/Documents/.Benny/project/.ouvetoys/frontend/artisan(14): Illuminate/Foundation/Application->handleCommand(Object(Symfony/Component/Console/Input/ArgvInput))
#5 {main}
"} 
[2026-07-06 19:58:04] production.ERROR: Command "test" is not defined.

Did you mean one of these?
    make:test
    schedule:test {"exception":"[object] (Symfony\\Component\\Console\\Exception\\CommandNotFoundException(code: 0): Command \"test\" is not defined.

Did you mean one of these?
    make:test
    schedule:test at C:/Users/ASUS/Documents/.Benny/project/.ouvetoys/frontend/vendor/symfony/console/Application.php:759)
[stacktrace]
#0 C:/Users/ASUS/Documents/.Benny/project/.ouvetoys/frontend/vendor/symfony/console/Application.php(298): Symfony/Component/Console/Application->find('test')
#1 C:/Users/ASUS/Documents/.Benny/project/.ouvetoys/frontend/vendor/symfony/console/Application.php(195): Symfony/Component/Console/Application->doRun(Object(Symfony/Component/Console/Input/ArgvInput), Object(Symfony/Component/Console/Output/ConsoleOutput))
#2 C:/Users/ASUS/Documents/.Benny/project/.ouvetoys/frontend/vendor/laravel/framework/src/Illuminate/Foundation/Console/Kernel.php(198): Symfony/Component/Console/Application->run(Object(Symfony/Component/Console/Input/ArgvInput), Object(Symfony/Component/Console/Output/ConsoleOutput))
#3 C:/Users/ASUS/Documents/.Benny/project/.ouvetoys/frontend/vendor/laravel/framework/src/Illuminate/Foundation/Application.php(1235): Illuminate/Foundation/Console/Kernel->handle(Object(Symfony/Component/Console/Input/ArgvInput), Object(Symfony/Component/Console/Output/ConsoleOutput))
#4 C:/Users/ASUS/Documents/.Benny/project/.ouvetoys/frontend/artisan(14): Illuminate/Foundation/Application->handleCommand(Object(Symfony/Component/Console/Input/ArgvInput))
#5 {main}
"} 
[2026-07-06 20:48:26] production.ERROR: Command "test" is not defined.

Did you mean one of these?
    make:test
    schedule:test {"exception":"[object] (Symfony\\Component\\Console\\Exception\\CommandNotFoundException(code: 0): Command \"test\" is not defined.

Did you mean one of these?
    make:test
    schedule:test at C:/Users/ASUS/Documents/.Benny/project/.ouvetoys/frontend/vendor/symfony/console/Application.php:759)
[stacktrace]
#0 C:/Users/ASUS/Documents/.Benny/project/.ouvetoys/frontend/vendor/symfony/console/Application.php(298): Symfony/Component/Console/Application->find('test')
#1 C:/Users/ASUS/Documents/.Benny/project/.ouvetoys/frontend/vendor/symfony/console/Application.php(195): Symfony/Component/Console/Application->doRun(Object(Symfony/Component/Console/Input/ArgvInput), Object(Symfony/Component/Console/Output/ConsoleOutput))
#2 C:/Users/ASUS/Documents/.Benny/project/.ouvetoys/frontend/vendor/laravel/framework/src/Illuminate/Foundation/Console/Kernel.php(198): Symfony/Component/Console/Application->run(Object(Symfony/Component/Console/Input/ArgvInput), Object(Symfony/Component/Console/Output/ConsoleOutput))
#3 C:/Users/ASUS/Documents/.Benny/project/.ouvetoys/frontend/vendor/laravel/framework/src/Illuminate/Foundation/Application.php(1235): Illuminate/Foundation/Console/Kernel->handle(Object(Symfony/Component/Console/Input/ArgvInput), Object(Symfony/Component/Console/Output/ConsoleOutput))
#4 C:/Users/ASUS/Documents/.Benny/project/.ouvetoys/frontend/artisan(14): Illuminate/Foundation/Application->handleCommand(Object(Symfony/Component/Console/Input/ArgvInput))
#5 {main}
"} 
